<?xml version="1.0" encoding="UTF-8"?>
<testng-results ignored="0" total="1" passed="1" failed="0" skipped="0">
  <reporter-output>
    <line>
      <![CDATA[hiii]]>
    </line>
  </reporter-output>
  <suite started-at="2022-10-24T07:46:11 IST" name="Default suite" finished-at="2022-10-24T07:46:11 IST" duration-ms="121">
    <groups>
    </groups>
    <test started-at="2022-10-24T07:46:11 IST" name="Default test" finished-at="2022-10-24T07:46:11 IST" duration-ms="121">
      <class name="demojenkins.Test3">
        <test-method signature="tc3()[pri:0, instance:demojenkins.Test3@70e8f8e]" started-at="2022-10-24T07:46:11 IST" name="tc3" finished-at="2022-10-24T07:46:11 IST" duration-ms="35" status="PASS">
          <reporter-output>
            <line>
              <![CDATA[hiii]]>
            </line>
          </reporter-output>
        </test-method> <!-- tc3 -->
      </class> <!-- demojenkins.Test3 -->
    </test> <!-- Default test -->
  </suite> <!-- Default suite -->
</testng-results>
